<?xml version="1.0" encoding="UTF-8"?>
<!-- Generated by org.testng.reporters.JUnitReportReporter -->
<testsuite hostname="LAPTOP-IJEB1SRB" name="RTPL.mvtest.Exp" tests="1" failures="0" timestamp="24 Jan 2018 19:37:27 GMT" time="13.564" errors="0">
  <testcase name="testgooglrsearch" time="13.564" classname="RTPL.mvtest.Exp"/>
</testsuite> <!-- RTPL.mvtest.Exp -->
