<?xml version="1.0" encoding="UTF-8"?>
<!-- Generated by org.testng.reporters.JUnitReportReporter -->
<testsuite hostname="LAPTOP-IJEB1SRB" name="RTPL.mvtest.Exp" tests="1" failures="0" timestamp="7 Dec 2017 10:46:03 GMT" time="32.124" errors="0">
  <testcase name="testgooglrsearch" time="32.124" classname="RTPL.mvtest.Exp"/>
</testsuite> <!-- RTPL.mvtest.Exp -->
